This is pdfTeX, Version 3.141592653-2.6-1.40.26 (MiKTeX 24.4) (preloaded format=pdflatex 2024.8.8)  23 AUG 2024 22:16
entering extended mode
 \write18 enabled.
 file:line:error style messages enabled.
 %&-line parsing enabled.
**c:/Users/ltvin/OneDrive/デスクトップ/Research/Thesis/thesis.tex
(c:/Users/ltvin/OneDrive/デスクトップ/Research/Thesis/thesis.tex
LaTeX2e <2024-06-01> patch level 2
L3 programming layer <2024-07-20>
(C:\Users\ltvin\AppData\Local\Programs\MiKTeX\tex/latex/base\article.cls
Document Class: article 2024/02/08 v1.4n Standard LaTeX document class
(C:\Users\ltvin\AppData\Local\Programs\MiKTeX\tex/latex/base\size12.clo
File: size12.clo 2024/02/08 v1.4n Standard LaTeX file (size option)
)
\c@part=\count194
\c@section=\count195
\c@subsection=\count196
\c@subsubsection=\count197
\c@paragraph=\count198
\c@subparagraph=\count199
\c@figure=\count266
\c@table=\count267
\abovecaptionskip=\skip49
\belowcaptionskip=\skip50
\bibindent=\dimen141
) (C:\Users\ltvin\AppData\Local\Programs\MiKTeX\tex/latex/graphics\graphicx.sty
Package: graphicx 2021/09/16 v1.2d Enhanced LaTeX Graphics (DPC,SPQR)
 (C:\Users\ltvin\AppData\Local\Programs\MiKTeX\tex/latex/graphics\keyval.sty
Package: keyval 2022/05/29 v1.15 key=value parser (DPC)
\KV@toks@=\toks17
) (C:\Users\ltvin\AppData\Local\Programs\MiKTeX\tex/latex/graphics\graphics.sty
Package: graphics 2024/05/23 v1.4g Standard LaTeX Graphics (DPC,SPQR)
 (C:\Users\ltvin\AppData\Local\Programs\MiKTeX\tex/latex/graphics\trig.sty
Package: trig 2023/12/02 v1.11 sin cos tan (DPC)
) (C:\Users\ltvin\AppData\Local\Programs\MiKTeX\tex/latex/graphics-cfg\graphics.cfg
File: graphics.cfg 2016/06/04 v1.11 sample graphics configuration
)
Package graphics Info: Driver file: pdftex.def on input line 106.
 (C:\Users\ltvin\AppData\Local\Programs\MiKTeX\tex/latex/graphics-def\pdftex.def
File: pdftex.def 2024/04/13 v1.2c Graphics/color driver for pdftex
))
\Gin@req@height=\dimen142
\Gin@req@width=\dimen143
) (C:\Users\ltvin\AppData\Local\Programs\MiKTeX\tex/latex/base\textcomp.sty
Package: textcomp 2024/04/24 v2.1b Standard LaTeX package
) (C:\Users\ltvin\AppData\Local\Programs\MiKTeX\tex/latex/geometry\geometry.sty
Package: geometry 2020/01/02 v5.9 Page Geometry
 (C:\Users\ltvin\AppData\Local\Programs\MiKTeX\tex/generic/iftex\ifvtex.sty
Package: ifvtex 2019/10/25 v1.7 ifvtex legacy package. Use iftex instead.
 (C:\Users\ltvin\AppData\Local\Programs\MiKTeX\tex/generic/iftex\iftex.sty
Package: iftex 2022/02/03 v1.0f TeX engine tests
))
\Gm@cnth=\count268
\Gm@cntv=\count269
\c@Gm@tempcnt=\count270
\Gm@bindingoffset=\dimen144
\Gm@wd@mp=\dimen145
\Gm@odd@mp=\dimen146
\Gm@even@mp=\dimen147
\Gm@layoutwidth=\dimen148
\Gm@layoutheight=\dimen149
\Gm@layouthoffset=\dimen150
\Gm@layoutvoffset=\dimen151
\Gm@dimlist=\toks18
 (C:\Users\ltvin\AppData\Local\Programs\MiKTeX\tex/latex/geometry\geometry.cfg)) (C:\Users\ltvin\AppData\Local\Programs\MiKTeX\tex/latex/hyperref\hyperref.sty
Package: hyperref 2024-07-10 v7.01j Hypertext links for LaTeX
 (C:\Users\ltvin\AppData\Local\Programs\MiKTeX\tex/latex/kvsetkeys\kvsetkeys.sty
Package: kvsetkeys 2022-10-05 v1.19 Key value parser (HO)
) (C:\Users\ltvin\AppData\Local\Programs\MiKTeX\tex/generic/kvdefinekeys\kvdefinekeys.sty
Package: kvdefinekeys 2019-12-19 v1.6 Define keys (HO)
) (C:\Users\ltvin\AppData\Local\Programs\MiKTeX\tex/generic/pdfescape\pdfescape.sty
Package: pdfescape 2019/12/09 v1.15 Implements pdfTeX's escape features (HO)
 (C:\Users\ltvin\AppData\Local\Programs\MiKTeX\tex/generic/ltxcmds\ltxcmds.sty
Package: ltxcmds 2023-12-04 v1.26 LaTeX kernel commands for general use (HO)
) (C:\Users\ltvin\AppData\Local\Programs\MiKTeX\tex/generic/pdftexcmds\pdftexcmds.sty
Package: pdftexcmds 2020-06-27 v0.33 Utility functions of pdfTeX for LuaTeX (HO)
 (C:\Users\ltvin\AppData\Local\Programs\MiKTeX\tex/generic/infwarerr\infwarerr.sty
Package: infwarerr 2019/12/03 v1.5 Providing info/warning/error messages (HO)
)
Package pdftexcmds Info: \pdf@primitive is available.
Package pdftexcmds Info: \pdf@ifprimitive is available.
Package pdftexcmds Info: \pdfdraftmode found.
)) (C:\Users\ltvin\AppData\Local\Programs\MiKTeX\tex/latex/hycolor\hycolor.sty
Package: hycolor 2020-01-27 v1.10 Color options for hyperref/bookmark (HO)
) (C:\Users\ltvin\AppData\Local\Programs\MiKTeX\tex/latex/hyperref\nameref.sty
Package: nameref 2023-11-26 v2.56 Cross-referencing by name of section
 (C:\Users\ltvin\AppData\Local\Programs\MiKTeX\tex/latex/refcount\refcount.sty
Package: refcount 2019/12/15 v3.6 Data extraction from label references (HO)
) (C:\Users\ltvin\AppData\Local\Programs\MiKTeX\tex/generic/gettitlestring\gettitlestring.sty
Package: gettitlestring 2019/12/15 v1.6 Cleanup title references (HO)
 (C:\Users\ltvin\AppData\Local\Programs\MiKTeX\tex/latex/kvoptions\kvoptions.sty
Package: kvoptions 2022-06-15 v3.15 Key value format for package options (HO)
))
\c@section@level=\count271
) (C:\Users\ltvin\AppData\Local\Programs\MiKTeX\tex/latex/etoolbox\etoolbox.sty
Package: etoolbox 2020/10/05 v2.5k e-TeX tools for LaTeX (JAW)
\etb@tempcnta=\count272
) (C:\Users\ltvin\AppData\Local\Programs\MiKTeX\tex/generic/stringenc\stringenc.sty
Package: stringenc 2019/11/29 v1.12 Convert strings between diff. encodings (HO)
)
\@linkdim=\dimen152
\Hy@linkcounter=\count273
\Hy@pagecounter=\count274
 (C:\Users\ltvin\AppData\Local\Programs\MiKTeX\tex/latex/hyperref\pd1enc.def
File: pd1enc.def 2024-07-10 v7.01j Hyperref: PDFDocEncoding definition (HO)
Now handling font encoding PD1 ...
... no UTF-8 mapping file for font encoding PD1
) (C:\Users\ltvin\AppData\Local\Programs\MiKTeX\tex/generic/intcalc\intcalc.sty
Package: intcalc 2019/12/15 v1.3 Expandable calculations with integers (HO)
)
\Hy@SavedSpaceFactor=\count275
 (C:\Users\ltvin\AppData\Local\Programs\MiKTeX\tex/latex/hyperref\puenc.def
File: puenc.def 2024-07-10 v7.01j Hyperref: PDF Unicode definition (HO)
Now handling font encoding PU ...
... no UTF-8 mapping file for font encoding PU
)
Package hyperref Info: Hyper figures OFF on input line 4157.
Package hyperref Info: Link nesting OFF on input line 4162.
Package hyperref Info: Hyper index ON on input line 4165.
Package hyperref Info: Plain pages OFF on input line 4172.
Package hyperref Info: Backreferencing OFF on input line 4177.
Package hyperref Info: Implicit mode ON; LaTeX internals redefined.
Package hyperref Info: Bookmarks ON on input line 4424.
\c@Hy@tempcnt=\count276
 (C:\Users\ltvin\AppData\Local\Programs\MiKTeX\tex/latex/url\url.sty
\Urlmuskip=\muskip17
Package: url 2013/09/16  ver 3.4  Verb mode for urls, etc.
)
LaTeX Info: Redefining \url on input line 4763.
\XeTeXLinkMargin=\dimen153
 (C:\Users\ltvin\AppData\Local\Programs\MiKTeX\tex/generic/bitset\bitset.sty
Package: bitset 2019/12/09 v1.3 Handle bit-vector datatype (HO)
 (C:\Users\ltvin\AppData\Local\Programs\MiKTeX\tex/generic/bigintcalc\bigintcalc.sty
Package: bigintcalc 2019/12/15 v1.5 Expandable calculations on big integers (HO)
))
\Fld@menulength=\count277
\Field@Width=\dimen154
\Fld@charsize=\dimen155
Package hyperref Info: Hyper figures OFF on input line 6042.
Package hyperref Info: Link nesting OFF on input line 6047.
Package hyperref Info: Hyper index ON on input line 6050.
Package hyperref Info: backreferencing OFF on input line 6057.
Package hyperref Info: Link coloring OFF on input line 6062.
Package hyperref Info: Link coloring with OCG OFF on input line 6067.
Package hyperref Info: PDF/A mode OFF on input line 6072.
 (C:\Users\ltvin\AppData\Local\Programs\MiKTeX\tex/latex/base\atbegshi-ltx.sty
Package: atbegshi-ltx 2021/01/10 v1.0c Emulation of the original atbegshi
package with kernel methods
)
\Hy@abspage=\count278
\c@Item=\count279
\c@Hfootnote=\count280
)
Package hyperref Info: Driver (autodetected): hpdftex.
 (C:\Users\ltvin\AppData\Local\Programs\MiKTeX\tex/latex/hyperref\hpdftex.def
File: hpdftex.def 2024-07-10 v7.01j Hyperref driver for pdfTeX
 (C:\Users\ltvin\AppData\Local\Programs\MiKTeX\tex/latex/base\atveryend-ltx.sty
Package: atveryend-ltx 2020/08/19 v1.0a Emulation of the original atveryend package
with kernel methods
)
\Fld@listcount=\count281
\c@bookmark@seq@number=\count282
 (C:\Users\ltvin\AppData\Local\Programs\MiKTeX\tex/latex/rerunfilecheck\rerunfilecheck.sty
Package: rerunfilecheck 2022-07-10 v1.10 Rerun checks for auxiliary files (HO)
 (C:\Users\ltvin\AppData\Local\Programs\MiKTeX\tex/generic/uniquecounter\uniquecounter.sty
Package: uniquecounter 2019/12/15 v1.4 Provide unlimited unique counter (HO)
)
Package uniquecounter Info: New unique counter `rerunfilecheck' on input line 285.
)
\Hy@SectionHShift=\skip51
) (C:\Users\ltvin\AppData\Local\Programs\MiKTeX\tex/latex/parskip\parskip.sty
Package: parskip 2021-03-14 v2.0h non-zero parskip adjustments
) (C:\Users\ltvin\AppData\Local\Programs\MiKTeX\tex/latex/setspace\setspace.sty
Package: setspace 2022/12/04 v6.7b set line spacing
) (C:\Users\ltvin\AppData\Local\Programs\MiKTeX\tex/latex/cite\cite.sty
LaTeX Info: Redefining \cite on input line 302.
LaTeX Info: Redefining \nocite on input line 332.
Package: cite 2015/02/27  v 5.5
) (C:\Users\ltvin\AppData\Local\Programs\MiKTeX\tex/latex/float\float.sty
Package: float 2001/11/08 v1.3d Float enhancements (AL)
\c@float@type=\count283
\float@exts=\toks19
\float@box=\box52
\@float@everytoks=\toks20
\@floatcapt=\box53
) (C:\Users\ltvin\AppData\Local\Programs\MiKTeX\tex/latex/algorithms\algorithm.sty
Package: algorithm 2009/08/24 v0.1 Document Style `algorithm' - floating environment
 (C:\Users\ltvin\AppData\Local\Programs\MiKTeX\tex/latex/base\ifthen.sty
Package: ifthen 2024/03/16 v1.1e Standard LaTeX ifthen package (DPC)
)
\@float@every@algorithm=\toks21
\c@algorithm=\count284
) (C:\Users\ltvin\AppData\Local\Programs\MiKTeX\tex/latex/algorithmicx\algpseudocode.sty
Package: algpseudocode 
 (C:\Users\ltvin\AppData\Local\Programs\MiKTeX\tex/latex/algorithmicx\algorithmicx.sty
Package: algorithmicx 2005/04/27 v1.2 Algorithmicx

Document Style algorithmicx 1.2 - a greatly improved `algorithmic' style
\c@ALG@line=\count285
\c@ALG@rem=\count286
\c@ALG@nested=\count287
\ALG@tlm=\skip52
\ALG@thistlm=\skip53
\c@ALG@Lnr=\count288
\c@ALG@blocknr=\count289
\c@ALG@storecount=\count290
\c@ALG@tmpcounter=\count291
\ALG@tmplength=\skip54
)
Document Style - pseudocode environments for use with the `algorithmicx' style
) (C:\Users\ltvin\AppData\Local\Programs\MiKTeX\tex/latex/tools\array.sty
Package: array 2024/06/14 v2.6d Tabular extension package (FMi)
\col@sep=\dimen156
\ar@mcellbox=\box54
\extrarowheight=\dimen157
\NC@list=\toks22
\extratabsurround=\skip55
\backup@length=\skip56
\ar@cellbox=\box55
) (C:\Users\ltvin\AppData\Local\Programs\MiKTeX\tex/latex/svg\svg.sty
Package: svg 2020/11/26 v2.02k (include SVG pictures)
 (C:\Users\ltvin\AppData\Local\Programs\MiKTeX\tex/latex/koma-script\scrbase.sty
Package: scrbase 2023/07/07 v3.41 KOMA-Script package (KOMA-Script-independent basics and keyval usage)
 (C:\Users\ltvin\AppData\Local\Programs\MiKTeX\tex/latex/koma-script\scrlfile.sty
Package: scrlfile 2023/07/07 v3.41 KOMA-Script package (file load hooks)
 (C:\Users\ltvin\AppData\Local\Programs\MiKTeX\tex/latex/koma-script\scrlfile-hook.sty
Package: scrlfile-hook 2023/07/07 v3.41 KOMA-Script package (using LaTeX hooks)
 (C:\Users\ltvin\AppData\Local\Programs\MiKTeX\tex/latex/koma-script\scrlogo.sty
Package: scrlogo 2023/07/07 v3.41 KOMA-Script package (logo)
)))
Applying: [2021/05/01] Usage of raw or classic option list on input line 252.
Already applied: [0000/00/00] Usage of raw or classic option list on input line 368.
) (C:\Users\ltvin\AppData\Local\Programs\MiKTeX\tex/latex/trimspaces\trimspaces.sty
Package: trimspaces 2009/09/17 v1.1 Trim spaces around a token list
) (C:\Users\ltvin\AppData\Local\Programs\MiKTeX\tex/latex/tools\shellesc.sty
Package: shellesc 2023/07/08 v1.0d unified shell escape interface for LaTeX
Package shellesc Info: Unrestricted shell escape enabled on input line 75.
) (C:\Users\ltvin\AppData\Local\Programs\MiKTeX\tex/latex/ifplatform\ifplatform.sty
Package: ifplatform 2017/10/13 v0.4a Testing for the operating system
 (C:\Users\ltvin\AppData\Local\Programs\MiKTeX\tex/generic/catchfile\catchfile.sty
Package: catchfile 2019/12/09 v1.8 Catch the contents of a file (HO)
 (C:\Users\ltvin\AppData\Local\Programs\MiKTeX\tex/generic/etexcmds\etexcmds.sty
Package: etexcmds 2019/12/15 v1.7 Avoid name clashes with e-TeX commands (HO)
)) (C:\Users\ltvin\AppData\Local\Programs\MiKTeX\tex/generic/iftex\ifluatex.sty
Package: ifluatex 2019/10/25 v1.5 ifluatex legacy package. Use iftex instead.
))
\c@svg@param@lastpage=\count292
\svg@box=\box56
\c@svg@param@currpage=\count293
) (C:\Users\ltvin\AppData\Local\Programs\MiKTeX\tex/latex/xcolor\xcolor.sty
Package: xcolor 2023/11/15 v3.01 LaTeX color extensions (UK)
 (C:\Users\ltvin\AppData\Local\Programs\MiKTeX\tex/latex/graphics-cfg\color.cfg
File: color.cfg 2016/01/02 v1.6 sample color configuration
)
Package xcolor Info: Driver file: pdftex.def on input line 274.
 (C:\Users\ltvin\AppData\Local\Programs\MiKTeX\tex/latex/graphics\mathcolor.ltx)
Package xcolor Info: Model `cmy' substituted by `cmy0' on input line 1350.
Package xcolor Info: Model `hsb' substituted by `rgb' on input line 1354.
Package xcolor Info: Model `RGB' extended on input line 1366.
Package xcolor Info: Model `HTML' substituted by `rgb' on input line 1368.
Package xcolor Info: Model `Hsb' substituted by `hsb' on input line 1369.
Package xcolor Info: Model `tHsb' substituted by `hsb' on input line 1370.
Package xcolor Info: Model `HSB' substituted by `hsb' on input line 1371.
Package xcolor Info: Model `Gray' substituted by `gray' on input line 1372.
Package xcolor Info: Model `wave' substituted by `hsb' on input line 1373.
) (C:\Users\ltvin\AppData\Local\Programs\MiKTeX\tex/latex/transparent\transparent.sty
Package: transparent 2022-10-27 v1.5 Transparency with color stacks
 (C:\Users\ltvin\AppData\Local\Programs\MiKTeX\tex/latex/transparent\transparent-nometadata.sty
Package: transparent-nometadata 2022-10-27 v1.5 Transparency via pdfTeX's color stack (HO)
 (C:\Users\ltvin\AppData\Local\Programs\MiKTeX\tex/latex/auxhook\auxhook.sty
Package: auxhook 2019-12-17 v1.6 Hooks for auxiliary files (HO)
))) (C:\Users\ltvin\AppData\Local\Programs\MiKTeX\tex/latex/pgf/systemlayer\pgfsys.sty (C:\Users\ltvin\AppData\Local\Programs\MiKTeX\tex/latex/pgf/utilities\pgfrcs.sty (C:\Users\ltvin\AppData\Local\Programs\MiKTeX\tex/generic/pgf/utilities\pgfutil-common.tex
\pgfutil@everybye=\toks23
\pgfutil@tempdima=\dimen158
\pgfutil@tempdimb=\dimen159
) (C:\Users\ltvin\AppData\Local\Programs\MiKTeX\tex/generic/pgf/utilities\pgfutil-latex.def
\pgfutil@abb=\box57
) (C:\Users\ltvin\AppData\Local\Programs\MiKTeX\tex/generic/pgf/utilities\pgfrcs.code.tex (C:\Users\ltvin\AppData\Local\Programs\MiKTeX\tex/generic/pgf\pgf.revision.tex)
Package: pgfrcs 2023-01-15 v3.1.10 (3.1.10)
)) (C:\Users\ltvin\AppData\Local\Programs\MiKTeX\tex/generic/pgf/systemlayer\pgfsys.code.tex
Package: pgfsys 2023-01-15 v3.1.10 (3.1.10)
 (C:\Users\ltvin\AppData\Local\Programs\MiKTeX\tex/generic/pgf/utilities\pgfkeys.code.tex
\pgfkeys@pathtoks=\toks24
\pgfkeys@temptoks=\toks25
 (C:\Users\ltvin\AppData\Local\Programs\MiKTeX\tex/generic/pgf/utilities\pgfkeyslibraryfiltered.code.tex
\pgfkeys@tmptoks=\toks26
))
\pgf@x=\dimen160
\pgf@y=\dimen161
\pgf@xa=\dimen162
\pgf@ya=\dimen163
\pgf@xb=\dimen164
\pgf@yb=\dimen165
\pgf@xc=\dimen166
\pgf@yc=\dimen167
\pgf@xd=\dimen168
\pgf@yd=\dimen169
\w@pgf@writea=\write3
\r@pgf@reada=\read2
\c@pgf@counta=\count294
\c@pgf@countb=\count295
\c@pgf@countc=\count296
\c@pgf@countd=\count297
\t@pgf@toka=\toks27
\t@pgf@tokb=\toks28
\t@pgf@tokc=\toks29
\pgf@sys@id@count=\count298
 (C:\Users\ltvin\AppData\Local\Programs\MiKTeX\tex/generic/pgf/systemlayer\pgf.cfg
File: pgf.cfg 2023-01-15 v3.1.10 (3.1.10)
)
Driver file for pgf: pgfsys-pdftex.def
 (C:\Users\ltvin\AppData\Local\Programs\MiKTeX\tex/generic/pgf/systemlayer\pgfsys-pdftex.def
File: pgfsys-pdftex.def 2023-01-15 v3.1.10 (3.1.10)
 (C:\Users\ltvin\AppData\Local\Programs\MiKTeX\tex/generic/pgf/systemlayer\pgfsys-common-pdf.def
File: pgfsys-common-pdf.def 2023-01-15 v3.1.10 (3.1.10)
))) (C:\Users\ltvin\AppData\Local\Programs\MiKTeX\tex/generic/pgf/systemlayer\pgfsyssoftpath.code.tex
File: pgfsyssoftpath.code.tex 2023-01-15 v3.1.10 (3.1.10)
\pgfsyssoftpath@smallbuffer@items=\count299
\pgfsyssoftpath@bigbuffer@items=\count300
) (C:\Users\ltvin\AppData\Local\Programs\MiKTeX\tex/generic/pgf/systemlayer\pgfsysprotocol.code.tex
File: pgfsysprotocol.code.tex 2023-01-15 v3.1.10 (3.1.10)
)) (C:\Users\ltvin\AppData\Local\Programs\MiKTeX\tex/latex/svg\svg-extract.sty
Package: svg-extract 2020/11/26 v2.02k (extract graphics from SVG pictures)
\c@svgx@runs=\count301
\c@svgx@out@count=\count302
\svgx@stream@in=\read3
\svgx@stream@out=\write4
) (C:\Users\ltvin\AppData\Local\Programs\MiKTeX\tex/latex/pdfpages\pdfpages.sty
Package: pdfpages 2024/05/29 v0.6a Insert pages of external PDF documents (AM)
 (C:\Users\ltvin\AppData\Local\Programs\MiKTeX\tex/latex/tools\calc.sty
Package: calc 2023/07/08 v4.3 Infix arithmetic (KKT,FJ)
\calc@Acount=\count303
\calc@Bcount=\count304
\calc@Adimen=\dimen170
\calc@Bdimen=\dimen171
\calc@Askip=\skip57
\calc@Bskip=\skip58
LaTeX Info: Redefining \setlength on input line 80.
LaTeX Info: Redefining \addtolength on input line 81.
\calc@Ccount=\count305
\calc@Cskip=\skip59
) (C:\Users\ltvin\AppData\Local\Programs\MiKTeX\tex/latex/eso-pic\eso-pic.sty
Package: eso-pic 2023/05/03 v3.0c eso-pic (RN)
\ESO@tempdima=\dimen172
\ESO@tempdimb=\dimen173
)
\AM@pagewidth=\dimen174
\AM@pageheight=\dimen175
\AM@fboxrule=\dimen176
 (C:\Users\ltvin\AppData\Local\Programs\MiKTeX\tex/latex/pdfpages\pppdftex.def
File: pppdftex.def 2024/05/29 v0.6a Pdfpages driver for pdfTeX (AM)
)
\pdfpages@includegraphics@status=\count306
\AM@pagebox=\box58
\AM@global@opts=\toks30
\AM@pagecnt=\count307
\AM@toc@title=\toks31
\AM@lof@heading=\toks32
\c@AM@survey=\count308
\AM@templatesizebox=\box59
) (C:\Users\ltvin\AppData\Local\Programs\MiKTeX\tex/latex/caption\subcaption.sty
Package: subcaption 2023/07/28 v1.6b Sub-captions (AR)
 (C:\Users\ltvin\AppData\Local\Programs\MiKTeX\tex/latex/caption\caption.sty
Package: caption 2023/08/05 v3.6o Customizing captions (AR)
 (C:\Users\ltvin\AppData\Local\Programs\MiKTeX\tex/latex/caption\caption3.sty
Package: caption3 2023/07/31 v2.4d caption3 kernel (AR)
\caption@tempdima=\dimen177
\captionmargin=\dimen178
\caption@leftmargin=\dimen179
\caption@rightmargin=\dimen180
\caption@width=\dimen181
\caption@indent=\dimen182
\caption@parindent=\dimen183
\caption@hangindent=\dimen184
Package caption Info: Standard document class detected.
)
\c@caption@flags=\count309
\c@continuedfloat=\count310
Package caption Info: float package is loaded.
Package caption Info: hyperref package is loaded.
)
Package caption Info: New subtype `subfigure' on input line 238.
\c@subfigure=\count311
Package caption Info: New subtype `subtable' on input line 238.
\c@subtable=\count312
) (C:\Users\ltvin\AppData\Local\Programs\MiKTeX\tex/latex/l3backend\l3backend-pdftex.def
File: l3backend-pdftex.def 2024-05-08 L3 backend support: PDF output (pdfTeX)
\l__color_backend_stack_int=\count313
\l__pdf_internal_box=\box60
) (thesis.aux)
\openout1 = `thesis.aux'.

LaTeX Font Info:    Checking defaults for OML/cmm/m/it on input line 34.
LaTeX Font Info:    ... okay on input line 34.
LaTeX Font Info:    Checking defaults for OMS/cmsy/m/n on input line 34.
LaTeX Font Info:    ... okay on input line 34.
LaTeX Font Info:    Checking defaults for OT1/cmr/m/n on input line 34.
LaTeX Font Info:    ... okay on input line 34.
LaTeX Font Info:    Checking defaults for T1/cmr/m/n on input line 34.
LaTeX Font Info:    ... okay on input line 34.
LaTeX Font Info:    Checking defaults for TS1/cmr/m/n on input line 34.
LaTeX Font Info:    ... okay on input line 34.
LaTeX Font Info:    Checking defaults for OMX/cmex/m/n on input line 34.
LaTeX Font Info:    ... okay on input line 34.
LaTeX Font Info:    Checking defaults for U/cmr/m/n on input line 34.
LaTeX Font Info:    ... okay on input line 34.
LaTeX Font Info:    Checking defaults for PD1/pdf/m/n on input line 34.
LaTeX Font Info:    ... okay on input line 34.
LaTeX Font Info:    Checking defaults for PU/pdf/m/n on input line 34.
LaTeX Font Info:    ... okay on input line 34.
 (C:\Users\ltvin\AppData\Local\Programs\MiKTeX\tex/context/base/mkii\supp-pdf.mkii
[Loading MPS to PDF converter (version 2006.09.02).]
\scratchcounter=\count314
\scratchdimen=\dimen185
\scratchbox=\box61
\nofMPsegments=\count315
\nofMParguments=\count316
\everyMPshowfont=\toks33
\MPscratchCnt=\count317
\MPscratchDim=\dimen186
\MPnumerator=\count318
\makeMPintoPDFobject=\count319
\everyMPtoPDFconversion=\toks34
) (C:\Users\ltvin\AppData\Local\Programs\MiKTeX\tex/latex/epstopdf-pkg\epstopdf-base.sty
Package: epstopdf-base 2020-01-24 v2.11 Base part for package epstopdf
Package epstopdf-base Info: Redefining graphics rule for `.eps' on input line 485.
 (C:\Users\ltvin\AppData\Local\Programs\MiKTeX\tex/latex/00miktex\epstopdf-sys.cfg
File: epstopdf-sys.cfg 2021/03/18 v2.0 Configuration of epstopdf for MiKTeX
))
*geometry* driver: auto-detecting
*geometry* detected driver: pdftex
*geometry* verbose mode - [ preamble ] result:
* driver: pdftex
* paper: letterpaper
* layout: <same size as paper>
* layoutoffset:(h,v)=(0.0pt,0.0pt)
* modes: 
* h-part:(L,W,R)=(92.14519pt, 430.00462pt, 92.14519pt)
* v-part:(T,H,B)=(95.39737pt, 556.47656pt, 143.09605pt)
* \paperwidth=614.295pt
* \paperheight=794.96999pt
* \textwidth=430.00462pt
* \textheight=556.47656pt
* \oddsidemargin=19.8752pt
* \evensidemargin=19.8752pt
* \topmargin=-13.87262pt
* \headheight=12.0pt
* \headsep=25.0pt
* \topskip=12.0pt
* \footskip=30.0pt
* \marginparwidth=44.0pt
* \marginparsep=10.0pt
* \columnsep=10.0pt
* \skip\footins=10.8pt plus 4.0pt minus 2.0pt
* \hoffset=0.0pt
* \voffset=0.0pt
* \mag=1000
* \@twocolumnfalse
* \@twosidefalse
* \@mparswitchfalse
* \@reversemarginfalse
* (1in=72.27pt=25.4mm, 1cm=28.453pt)

Package hyperref Info: Link coloring OFF on input line 34.
(thesis.out) (thesis.out)
\@outlinefile=\write5
\openout5 = `thesis.out'.

 (C:\Users\ltvin\AppData\Local\Programs\MiKTeX\tex/latex/pdflscape\pdflscape.sty
Package: pdflscape 2022-10-27 v0.13 Display of landscape pages in PDF
 (C:\Users\ltvin\AppData\Local\Programs\MiKTeX\tex/latex/pdflscape\pdflscape-nometadata.sty
Package: pdflscape-nometadata 2022-10-28 v0.13 Display of landscape pages in PDF (HO)
 (C:\Users\ltvin\AppData\Local\Programs\MiKTeX\tex/latex/graphics\lscape.sty
Package: lscape 2020/05/28 v3.02 Landscape Pages (DPC)
)
Package pdflscape Info: Auto-detected driver: pdftex on input line 81.
))
Package caption Info: Begin \AtBeginDocument code.
Package caption Info: End \AtBeginDocument code.
LaTeX Font Info:    External font `cmex10' loaded for size
(Font)              <14.4> on input line 36.
LaTeX Font Info:    External font `cmex10' loaded for size
(Font)              <7> on input line 36.
LaTeX Font Info:    External font `cmex10' loaded for size
(Font)              <12> on input line 40.
LaTeX Font Info:    External font `cmex10' loaded for size
(Font)              <8> on input line 40.
LaTeX Font Info:    External font `cmex10' loaded for size
(Font)              <6> on input line 40.


[1

{C:/Users/ltvin/AppData/Local/MiKTeX/fonts/map/pdftex/pdftex.map}]

[2]

[3] (thesis.toc)
\tf@toc=\write6
\openout6 = `thesis.toc'.



[4] (thesis.lof)
\tf@lof=\write7
\openout7 = `thesis.lof'.

 (thesis.lot)
\tf@lot=\write8
\openout8 = `thesis.lot'.



[5]

[6]

[7]

[8]

[9]

[10]

[11]

[12]

[13]

pdfTeX warning: pdflatex (file ./images/pipeline.pdf): PDF inclusion: found PDF version <1.7>, but at most version <1.5> allowed
<./images/pipeline.pdf, id=300, 350.91101pt x 606.56612pt>
File: ./images/pipeline.pdf Graphic file (type pdf)
<use ./images/pipeline.pdf>
Package pdftex.def Info: ./images/pipeline.pdf  used on input line 295.
(pdftex.def)             Requested size: 209.04897pt x 361.3499pt.


[14]

[15 <./images/pipeline.pdf>]
<./images/example_0.jpg, id=350, 963.6pt x 1284.8pt>
File: ./images/example_0.jpg Graphic file (type jpg)
<use ./images/example_0.jpg>
Package pdftex.def Info: ./images/example_0.jpg  used on input line 337.
(pdftex.def)             Requested size: 192.05493pt x 256.0748pt.
<./images/example_0_pred_colored.png, id=351, 963.6pt x 1284.8pt>
File: ./images/example_0_pred_colored.png Graphic file (type png)
<use ./images/example_0_pred_colored.png>
Package pdftex.def Info: ./images/example_0_pred_colored.png  used on input line 338.
(pdftex.def)             Requested size: 192.05493pt x 256.0748pt.


[16]
<./images/test_image.jpg, id=362, 640.3925pt x 235.88126pt>
File: ./images/test_image.jpg Graphic file (type jpg)
<use ./images/test_image.jpg>
Package pdftex.def Info: ./images/test_image.jpg  used on input line 356.
(pdftex.def)             Requested size: 386.23186pt x 142.26378pt.
<./images/test_image_disp.jpeg, id=363, 640.3925pt x 235.88126pt>
File: ./images/test_image_disp.jpeg Graphic file (type jpg)
<use ./images/test_image_disp.jpeg>
Package pdftex.def Info: ./images/test_image_disp.jpeg  used on input line 357.
(pdftex.def)             Requested size: 386.23186pt x 142.26378pt.


[17 <./images/example_0.jpg> <./images/example_0_pred_colored.png (PNG copy)>]
<./images/jardins-du-senegal-aloe-vera-28830638178417_1200x1200.jpg, id=371, 682.55pt x 795.97375pt>
File: ./images/jardins-du-senegal-aloe-vera-28830638178417_1200x1200.jpg Graphic file (type jpg)
<use ./images/jardins-du-senegal-aloe-vera-28830638178417_1200x1200.jpg>
Package pdftex.def Info: ./images/jardins-du-senegal-aloe-vera-28830638178417_1200x1200.jpg  used on input line 379.
(pdftex.def)             Requested size: 134.18506pt x 156.49014pt.
<./images/jardins-du-senegal-aloe-vera-28830638178417_1200x1200_disp.jpeg, id=372, 682.55pt x 795.97375pt>
File: ./images/jardins-du-senegal-aloe-vera-28830638178417_1200x1200_disp.jpeg Graphic file (type jpg)
<use ./images/jardins-du-senegal-aloe-vera-28830638178417_1200x1200_disp.jpeg>
Package pdftex.def Info: ./images/jardins-du-senegal-aloe-vera-28830638178417_1200x1200_disp.jpeg  used on input line 380.
(pdftex.def)             Requested size: 134.18506pt x 156.49014pt.
File: ./images/example_0.jpg Graphic file (type jpg)
<use ./images/example_0.jpg>
Package pdftex.def Info: ./images/example_0.jpg  used on input line 381.
(pdftex.def)             Requested size: 135.50592pt x 180.67517pt.
<./images/example_0_disp.jpeg, id=373, 963.6pt x 1284.8pt>
File: ./images/example_0_disp.jpeg Graphic file (type jpg)
<use ./images/example_0_disp.jpeg>
Package pdftex.def Info: ./images/example_0_disp.jpeg  used on input line 382.
(pdftex.def)             Requested size: 135.50592pt x 180.67517pt.


[18 <./images/test_image.jpg> <./images/test_image_disp.jpeg>]

[19 <./images/jardins-du-senegal-aloe-vera-28830638178417_1200x1200.jpg> <./images/jardins-du-senegal-aloe-vera-28830638178417_1200x1200_disp.jpeg> <./images/example_0_disp.jpeg>]
File: ./images/test_image.jpg Graphic file (type jpg)
<use ./images/test_image.jpg>
Package pdftex.def Info: ./images/test_image.jpg  used on input line 401.
(pdftex.def)             Requested size: 316.71677pt x 116.65646pt.
<./images/test_disp.jpeg, id=386, 640.3925pt x 235.88126pt>
File: ./images/test_disp.jpeg Graphic file (type jpg)
<use ./images/test_disp.jpeg>
Package pdftex.def Info: ./images/test_disp.jpeg  used on input line 402.
(pdftex.def)             Requested size: 316.71677pt x 116.65646pt.
<./images/3dtest.png, id=387, 767.86874pt x 280.6485pt>
File: ./images/3dtest.png Graphic file (type png)
<use ./images/3dtest.png>
Package pdftex.def Info: ./images/3dtest.png  used on input line 403.
(pdftex.def)             Requested size: 315.28517pt x 115.23373pt.


[20 <./images/test_disp.jpeg> <./images/3dtest.png>]

pdfTeX warning: pdflatex (file ./images/Mapping.pdf): PDF inclusion: found PDF version <1.7>, but at most version <1.5> allowed
<./images/Mapping.pdf, id=397, 572.73973pt x 139.52126pt>
File: ./images/Mapping.pdf Graphic file (type pdf)
<use ./images/Mapping.pdf>
Package pdftex.def Info: ./images/Mapping.pdf  used on input line 418.
(pdftex.def)             Requested size: 430.00462pt x 104.75351pt.


[21 <./images/Mapping.pdf>]
Package hyperref Info: bookmark level for unknown algorithm defaults to 0 on input line 439.


[22]

pdfTeX warning: pdflatex (file ./images/resize.pdf): PDF inclusion: found PDF version <1.7>, but at most version <1.5> allowed
<./images/resize.pdf, id=480, 2003.485pt x 1859.94875pt>
File: ./images/resize.pdf Graphic file (type pdf)
<use ./images/resize.pdf>
Package pdftex.def Info: ./images/resize.pdf  used on input line 508.
(pdftex.def)             Requested size: 337.13345pt x 312.9803pt.
LaTeX Font Info:    External font `cmex10' loaded for size
(Font)              <10.95> on input line 513.


[23]

[24 <./images/resize.pdf>]

[25]

[26]
File: ./images/test_image.jpg Graphic file (type jpg)
<use ./images/test_image.jpg>
Package pdftex.def Info: ./images/test_image.jpg  used on input line 570.
(pdftex.def)             Requested size: 231.74303pt x 85.35826pt.
File: ./images/test_disp.jpeg Graphic file (type jpg)
<use ./images/test_disp.jpeg>
Package pdftex.def Info: ./images/test_disp.jpeg  used on input line 587.
(pdftex.def)             Requested size: 193.11592pt x 71.13188pt.
File: ./images/test_image_disp.jpeg Graphic file (type jpg)
<use ./images/test_image_disp.jpeg>
Package pdftex.def Info: ./images/test_image_disp.jpeg  used on input line 591.
(pdftex.def)             Requested size: 193.11592pt x 71.13188pt.
<./images/3d_bw_depth.png, id=525, 767.86874pt x 280.6485pt>
File: ./images/3d_bw_depth.png Graphic file (type png)
<use ./images/3d_bw_depth.png>
Package pdftex.def Info: ./images/3d_bw_depth.png  used on input line 595.
(pdftex.def)             Requested size: 193.84138pt x 70.8475pt.
File: ./images/3dtest.png Graphic file (type png)
<use ./images/3dtest.png>
Package pdftex.def Info: ./images/3dtest.png  used on input line 599.
(pdftex.def)             Requested size: 193.84138pt x 70.8475pt.


[27]
File: ./images/3d_bw_depth.png Graphic file (type png)
<use ./images/3d_bw_depth.png>
Package pdftex.def Info: ./images/3d_bw_depth.png  used on input line 618.
(pdftex.def)             Requested size: 193.84138pt x 70.8475pt.
<./images/3d_bw_depth_emph.png, id=535, 767.2665pt x 282.45525pt>
File: ./images/3d_bw_depth_emph.png Graphic file (type png)
<use ./images/3d_bw_depth_emph.png>
Package pdftex.def Info: ./images/3d_bw_depth_emph.png  used on input line 622.
(pdftex.def)             Requested size: 193.22105pt x 71.13188pt.
<./images/low_rm.png, id=536, 608.2725pt x 222.23026pt>
File: ./images/low_rm.png Graphic file (type png)
<use ./images/low_rm.png>
Package pdftex.def Info: ./images/low_rm.png  used on input line 626.
(pdftex.def)             Requested size: 193.91794pt x 70.8475pt.
<./images/low_rm2.png, id=537, 768.471pt x 280.6485pt>
File: ./images/low_rm2.png Graphic file (type png)
<use ./images/low_rm2.png>
Package pdftex.def Info: ./images/low_rm2.png  used on input line 630.
(pdftex.def)             Requested size: 193.99342pt x 70.8475pt.
File: ./images/test_image.jpg Graphic file (type jpg)
<use ./images/test_image.jpg>
Package pdftex.def Info: ./images/test_image.jpg  used on input line 652.
(pdftex.def)             Requested size: 211.33017pt x 77.84105pt.
<./images/test_image_pred_colored.png, id=541, 640.3925pt x 235.88126pt>
File: ./images/test_image_pred_colored.png Graphic file (type png)
<use ./images/test_image_pred_colored.png>
Package pdftex.def Info: ./images/test_image_pred_colored.png  used on input line 653.
(pdftex.def)             Requested size: 211.33017pt x 77.84105pt.


[28 <./images/3d_bw_depth.png>]

[29 <./images/3d_bw_depth_emph.png> <./images/low_rm.png> <./images/low_rm2.png> <./images/test_image_pred_colored.png (PNG copy)>]
<./images/test_image_pred_colored3d.png, id=560, 2007.5pt x 737.75626pt>
File: ./images/test_image_pred_colored3d.png Graphic file (type png)
<use ./images/test_image_pred_colored3d.png>
Package pdftex.def Info: ./images/test_image_pred_colored3d.png  used on input line 683.
(pdftex.def)             Requested size: 387.09587pt x 142.26378pt.


[30 <./images/test_image_pred_colored3d.png>]
File: ./images/test_image_pred_colored.png Graphic file (type png)
<use ./images/test_image_pred_colored.png>
Package pdftex.def Info: ./images/test_image_pred_colored.png  used on input line 697.
(pdftex.def)             Requested size: 193.11592pt x 71.13188pt.
File: ./images/test_image_disp.jpeg Graphic file (type jpg)
<use ./images/test_image_disp.jpeg>
Package pdftex.def Info: ./images/test_image_disp.jpeg  used on input line 698.
(pdftex.def)             Requested size: 193.11592pt x 71.13188pt.
File: ./images/test_image_pred_colored3d.png Graphic file (type png)
<use ./images/test_image_pred_colored3d.png>
Package pdftex.def Info: ./images/test_image_pred_colored3d.png  used on input line 699.
(pdftex.def)             Requested size: 192.76682pt x 70.8475pt.
File: ./images/3dtest.png Graphic file (type png)
<use ./images/3dtest.png>
Package pdftex.def Info: ./images/3dtest.png  used on input line 700.
(pdftex.def)             Requested size: 193.84138pt x 70.8475pt.

Underfull \hbox (badness 10000) in paragraph at lines 724--726

 []



[31]
File: ./images/test_image_pred_colored3d.png Graphic file (type png)
<use ./images/test_image_pred_colored3d.png>
Package pdftex.def Info: ./images/test_image_pred_colored3d.png  used on input line 759.
(pdftex.def)             Requested size: 309.68895pt x 113.81102pt.
<./images/test_image_pred_colored_3d_50.png, id=580, 879.88725pt x 322.20375pt>
File: ./images/test_image_pred_colored_3d_50.png Graphic file (type png)
<use ./images/test_image_pred_colored_3d_50.png>
Package pdftex.def Info: ./images/test_image_pred_colored_3d_50.png  used on input line 760.
(pdftex.def)             Requested size: 310.79803pt x 113.81102pt.
<./images/test_image_pred_colored_3d_90.png, id=581, 880.4895pt x 322.20375pt>
File: ./images/test_image_pred_colored_3d_90.png Graphic file (type png)
<use ./images/test_image_pred_colored_3d_90.png>
Package pdftex.def Info: ./images/test_image_pred_colored_3d_90.png  used on input line 761.
(pdftex.def)             Requested size: 311.01077pt x 113.81102pt.


[32]

[33 <./images/test_image_pred_colored_3d_50.png> <./images/test_image_pred_colored_3d_90.png>]
<./images/20240630_143910.jpg, id=594, 903.375pt x 1606.0pt>
File: ./images/20240630_143910.jpg Graphic file (type jpg)
<use ./images/20240630_143910.jpg>
Package pdftex.def Info: ./images/20240630_143910.jpg  used on input line 792.
(pdftex.def)             Requested size: 112.0256pt x 199.16928pt.
<./images/20240630_143910_3d.jpg, id=595, 244.5135pt x 437.83575pt>
File: ./images/20240630_143910_3d.jpg Graphic file (type jpg)
<use ./images/20240630_143910_3d.jpg>
Package pdftex.def Info: ./images/20240630_143910_3d.jpg  used on input line 793.
(pdftex.def)             Requested size: 111.22769pt x 199.16928pt.
<./images/20240630_143910_3dsky.png, id=596, 244.5135pt x 437.83575pt>
File: ./images/20240630_143910_3dsky.png Graphic file (type png)
<use ./images/20240630_143910_3dsky.png>
Package pdftex.def Info: ./images/20240630_143910_3dsky.png  used on input line 794.
(pdftex.def)             Requested size: 111.22769pt x 199.16928pt.


[34

 <./images/20240630_143910.jpg> <./images/20240630_143910_3d.jpg> <./images/20240630_143910_3dsky.png>]
<./images/example_5.jpg, id=605, 721.69624pt x 541.02126pt>
File: ./images/example_5.jpg Graphic file (type jpg)
<use ./images/example_5.jpg>
Package pdftex.def Info: ./images/example_5.jpg  used on input line 811.
(pdftex.def)             Requested size: 151.81396pt x 113.81102pt.
<./images/example_5_pred_colored.png, id=606, 721.69624pt x 541.02126pt>
File: ./images/example_5_pred_colored.png Graphic file (type png)
<use ./images/example_5_pred_colored.png>
Package pdftex.def Info: ./images/example_5_pred_colored.png  used on input line 812.
(pdftex.def)             Requested size: 151.81396pt x 113.81102pt.
<./images/relative_example_5_pred.png, id=607, 663.6795pt x 416.757pt>
File: ./images/relative_example_5_pred.png Graphic file (type png)
<use ./images/relative_example_5_pred.png>
Package pdftex.def Info: ./images/relative_example_5_pred.png  used on input line 813.
(pdftex.def)             Requested size: 181.2415pt x 113.81102pt.


[35 <./images/example_5.jpg> <./images/example_5_pred_colored.png (PNG copy)> <./images/relative_example_5_pred.png>]

[36]

[37]

[38]

[39]

[40]

[41]
<./images/fe414_0000722049_1.jpeg, id=683, 642.4pt x 481.8pt>
File: ./images/fe414_0000722049_1.jpeg Graphic file (type jpg)
<use ./images/fe414_0000722049_1.jpeg>
Package pdftex.def Info: ./images/fe414_0000722049_1.jpeg  used on input line 1004.
(pdftex.def)             Requested size: 125.18417pt x 93.89418pt.
<./images/fe414_0000722049_1_disp.jpeg, id=684, 642.4pt x 481.8pt>
File: ./images/fe414_0000722049_1_disp.jpeg Graphic file (type jpg)
<use ./images/fe414_0000722049_1_disp.jpeg>
Package pdftex.def Info: ./images/fe414_0000722049_1_disp.jpeg  used on input line 1005.
(pdftex.def)             Requested size: 125.18417pt x 93.89418pt.
File: ./images/jardins-du-senegal-aloe-vera-28830638178417_1200x1200.jpg Graphic file (type jpg)
<use ./images/jardins-du-senegal-aloe-vera-28830638178417_1200x1200.jpg>
Package pdftex.def Info: ./images/jardins-du-senegal-aloe-vera-28830638178417_1200x1200.jpg  used on input line 1006.
(pdftex.def)             Requested size: 80.50687pt x 93.89418pt.
File: ./images/jardins-du-senegal-aloe-vera-28830638178417_1200x1200_disp.jpeg Graphic file (type jpg)
<use ./images/jardins-du-senegal-aloe-vera-28830638178417_1200x1200_disp.jpeg>
Package pdftex.def Info: ./images/jardins-du-senegal-aloe-vera-28830638178417_1200x1200_disp.jpeg  used on input line 1007.
(pdftex.def)             Requested size: 80.50687pt x 93.89418pt.
<./images/Rue_Blanche_-_Paris_IX_(FR75)_-_2021-06-28_-_1.jpg, id=685, 4047.12pt x 3035.34pt>
File: ./images/Rue_Blanche_-_Paris_IX_(FR75)_-_2021-06-28_-_1.jpg Graphic file (type jpg)
<use ./images/Rue_Blanche_-_Paris_IX_(FR75)_-_2021-06-28_-_1.jpg>
Package pdftex.def Info: ./images/Rue_Blanche_-_Paris_IX_(FR75)_-_2021-06-28_-_1.jpg  used on input line 1009.
(pdftex.def)             Requested size: 132.77109pt x 99.58464pt.
<./images/RueBlancheStero1024.jpeg, id=686, 4047.12pt x 3035.34pt>
File: ./images/RueBlancheStero1024.jpeg Graphic file (type jpg)
<use ./images/RueBlancheStero1024.jpeg>
Package pdftex.def Info: ./images/RueBlancheStero1024.jpeg  used on input line 1010.
(pdftex.def)             Requested size: 132.77109pt x 99.58464pt.
File: ./images/example_0.jpg Graphic file (type jpg)
<use ./images/example_0.jpg>
Package pdftex.def Info: ./images/example_0.jpg  used on input line 1011.
(pdftex.def)             Requested size: 74.67822pt x 99.58464pt.
File: ./images/example_0_disp.jpeg Graphic file (type jpg)
<use ./images/example_0_disp.jpeg>
Package pdftex.def Info: ./images/example_0_disp.jpeg  used on input line 1012.
(pdftex.def)             Requested size: 74.67822pt x 99.58464pt.
<./images/himejicastle_event_2.jpg, id=687, 762.85pt x 501.875pt>
File: ./images/himejicastle_event_2.jpg Graphic file (type jpg)
<use ./images/himejicastle_event_2.jpg>
Package pdftex.def Info: ./images/himejicastle_event_2.jpg  used on input line 1020.
(pdftex.def)             Requested size: 138.3896pt x 91.04872pt.
<./images/himejicastle_event_2_disp.jpeg, id=688, 762.85pt x 501.875pt>
File: ./images/himejicastle_event_2_disp.jpeg Graphic file (type jpg)
<use ./images/himejicastle_event_2_disp.jpeg>
Package pdftex.def Info: ./images/himejicastle_event_2_disp.jpeg  used on input line 1021.
(pdftex.def)             Requested size: 138.3896pt x 91.04872pt.
<./images/himejicastle_event_2_pred_colored.png, id=689, 762.85pt x 501.875pt>
File: ./images/himejicastle_event_2_pred_colored.png Graphic file (type png)
<use ./images/himejicastle_event_2_pred_colored.png>
Package pdftex.def Info: ./images/himejicastle_event_2_pred_colored.png  used on input line 1022.
(pdftex.def)             Requested size: 138.3896pt x 91.04872pt.
File: ./images/test_image.jpg Graphic file (type jpg)
<use ./images/test_image.jpg>
Package pdftex.def Info: ./images/test_image.jpg  used on input line 1023.
(pdftex.def)             Requested size: 139.03995pt x 51.21504pt.
File: ./images/test_image_disp.jpeg Graphic file (type jpg)
<use ./images/test_image_disp.jpeg>
Package pdftex.def Info: ./images/test_image_disp.jpeg  used on input line 1024.
(pdftex.def)             Requested size: 139.03995pt x 51.21504pt.
File: ./images/test_image_pred_colored.png Graphic file (type png)
<use ./images/test_image_pred_colored.png>
Package pdftex.def Info: ./images/test_image_pred_colored.png  used on input line 1025.
(pdftex.def)             Requested size: 139.03995pt x 51.21504pt.
File: ./images/example_0.jpg Graphic file (type jpg)
<use ./images/example_0.jpg>
Package pdftex.def Info: ./images/example_0.jpg  used on input line 1035.
(pdftex.def)             Requested size: 94.60153pt x 126.135pt.
<./images/example_2.jpg, id=690, 4625.28pt x 3468.96pt>
File: ./images/example_2.jpg Graphic file (type jpg)
<use ./images/example_2.jpg>
Package pdftex.def Info: ./images/example_2.jpg  used on input line 1036.
(pdftex.def)             Requested size: 94.60153pt x 70.92888pt.
<./images/example_4.jpg, id=691, 847.165pt x 1129.21875pt>
File: ./images/example_4.jpg Graphic file (type jpg)
<use ./images/example_4.jpg>
Package pdftex.def Info: ./images/example_4.jpg  used on input line 1037.
(pdftex.def)             Requested size: 94.60153pt x 126.09256pt.
<./images/example_6.png, id=692, 333.04425pt x 445.665pt>
File: ./images/example_6.png Graphic file (type png)
<use ./images/example_6.png>
Package pdftex.def Info: ./images/example_6.png  used on input line 1038.
(pdftex.def)             Requested size: 94.60153pt x 126.58742pt.
File: ./images/example_0_pred_colored.png Graphic file (type png)
<use ./images/example_0_pred_colored.png>
Package pdftex.def Info: ./images/example_0_pred_colored.png  used on input line 1041.
(pdftex.def)             Requested size: 94.60153pt x 126.135pt.
<./images/example_2_pred_colored.png, id=693, 4625.28pt x 3468.96pt>
File: ./images/example_2_pred_colored.png Graphic file (type png)
<use ./images/example_2_pred_colored.png>
Package pdftex.def Info: ./images/example_2_pred_colored.png  used on input line 1042.
(pdftex.def)             Requested size: 94.60153pt x 70.92888pt.
<./images/example_4_pred_colored.png, id=694, 847.165pt x 1129.21875pt>
File: ./images/example_4_pred_colored.png Graphic file (type png)
<use ./images/example_4_pred_colored.png>
Package pdftex.def Info: ./images/example_4_pred_colored.png  used on input line 1043.
(pdftex.def)             Requested size: 94.60153pt x 126.09256pt.
<./images/example_6_pred_colored.png, id=695, 2746.26pt x 3661.68pt>
File: ./images/example_6_pred_colored.png Graphic file (type png)
<use ./images/example_6_pred_colored.png>
Package pdftex.def Info: ./images/example_6_pred_colored.png  used on input line 1044.
(pdftex.def)             Requested size: 94.60153pt x 126.1046pt.
<./images/example_1.jpg, id=696, 5567.80125pt x 4175.6pt>
File: ./images/example_1.jpg Graphic file (type jpg)
<use ./images/example_1.jpg>
Package pdftex.def Info: ./images/example_1.jpg  used on input line 1047.
(pdftex.def)             Requested size: 94.60153pt x 70.91417pt.
<./images/example_3.jpg, id=697, 988.8945pt x 1318.32526pt>
File: ./images/example_3.jpg Graphic file (type jpg)
<use ./images/example_3.jpg>
Package pdftex.def Info: ./images/example_3.jpg  used on input line 1048.
(pdftex.def)             Requested size: 94.60153pt x 126.10718pt.
File: ./images/example_5.jpg Graphic file (type jpg)
<use ./images/example_5.jpg>
Package pdftex.def Info: ./images/example_5.jpg  used on input line 1049.
(pdftex.def)             Requested size: 94.60153pt x 70.9131pt.
<./images/example_7.jpg, id=698, 899.2797pt x 674.52pt>
File: ./images/example_7.jpg Graphic file (type jpg)
<use ./images/example_7.jpg>
Package pdftex.def Info: ./images/example_7.jpg  used on input line 1050.
(pdftex.def)             Requested size: 94.60153pt x 70.95534pt.
<./images/example_1_pred_colored.png, id=699, 5567.80125pt x 4175.6pt>
File: ./images/example_1_pred_colored.png Graphic file (type png)
<use ./images/example_1_pred_colored.png>
Package pdftex.def Info: ./images/example_1_pred_colored.png  used on input line 1053.
(pdftex.def)             Requested size: 94.60153pt x 70.91417pt.
<./images/example_3_pred_colored.png, id=700, 3296.315pt x 4394.4175pt>
File: ./images/example_3_pred_colored.png Graphic file (type png)
<use ./images/example_3_pred_colored.png>
Package pdftex.def Info: ./images/example_3_pred_colored.png  used on input line 1054.
(pdftex.def)             Requested size: 94.60153pt x 126.06024pt.
File: ./images/example_5_pred_colored.png Graphic file (type png)
<use ./images/example_5_pred_colored.png>
Package pdftex.def Info: ./images/example_5_pred_colored.png  used on input line 1055.
(pdftex.def)             Requested size: 94.60153pt x 70.9131pt.
<./images/example_7_pred_colored.png, id=701, 3746.99875pt x 2810.5pt>
File: ./images/example_7_pred_colored.png Graphic file (type png)
<use ./images/example_7_pred_colored.png>
Package pdftex.def Info: ./images/example_7_pred_colored.png  used on input line 1056.
(pdftex.def)             Requested size: 94.60153pt x 70.93132pt.
File: ./images/20240630_143910_3dsky.png Graphic file (type png)
<use ./images/20240630_143910_3dsky.png>
Package pdftex.def Info: ./images/20240630_143910_3dsky.png  used on input line 1064.
(pdftex.def)             Requested size: 103.28445pt x 184.9429pt.
File: ./images/example_6.png Graphic file (type png)
<use ./images/example_6.png>
Package pdftex.def Info: ./images/example_6.png  used on input line 1065.
(pdftex.def)             Requested size: 138.2057pt x 184.9429pt.
<./images/example_0_pred_colored_3d.png, id=702, 307.1475pt x 414.348pt>
File: ./images/example_0_pred_colored_3d.png Graphic file (type png)
<use ./images/example_0_pred_colored_3d.png>
Package pdftex.def Info: ./images/example_0_pred_colored_3d.png  used on input line 1066.
(pdftex.def)             Requested size: 137.09497pt x 184.9429pt.
<./images/himejicastle_event_2_3d.jpg, id=703, 628.749pt x 412.54124pt>
File: ./images/himejicastle_event_2_3d.jpg Graphic file (type jpg)
<use ./images/himejicastle_event_2_3d.jpg>
Package pdftex.def Info: ./images/himejicastle_event_2_3d.jpg  used on input line 1067.
(pdftex.def)             Requested size: 203.81332pt x 133.72786pt.
<./images/example_5_3d.png, id=704, 593.8185pt x 445.665pt>
File: ./images/example_5_3d.png Graphic file (type png)
<use ./images/example_5_3d.png>
Package pdftex.def Info: ./images/example_5_3d.png  used on input line 1068.
(pdftex.def)             Requested size: 178.18317pt x 133.72786pt.
File: ./images/test_image_pred_colored3d.png Graphic file (type png)
<use ./images/test_image_pred_colored3d.png>
Package pdftex.def Info: ./images/test_image_pred_colored3d.png  used on input line 1069.
(pdftex.def)             Requested size: 387.09587pt x 142.26378pt.


[42 <./images/fe414_0000722049_1.jpeg> <./images/fe414_0000722049_1_disp.jpeg> <./images/Rue_Blanche_-_Paris_IX_(FR75)_-_2021-06-28_-_1.jpg> <./images/RueBlancheStero1024.jpeg> <./images/himejicastle_event_2.jpg> <./images/himejicastle_event_2_disp.jpeg> <./images/himejicastle_event_2_pred_colored.png (PNG copy)>]

[43 <./images/example_2.jpg> <./images/example_4.jpg> <./images/example_6.png> <./images/example_2_pred_colored.png (PNG copy)> <./images/example_4_pred_colored.png (PNG copy)> <./images/example_6_pred_colored.png (PNG copy)> <./images/example_1.jpg> <./images/example_3.jpg> <./images/example_7.jpg> <./images/example_1_pred_colored.png (PNG copy)> <./images/example_3_pred_colored.png (PNG copy)> <./images/example_7_pred_colored.png (PNG copy)>]

[44 <./images/example_0_pred_colored_3d.png> <./images/himejicastle_event_2_3d.jpg> <./images/example_5_3d.png>] (thesis.aux)
 ***********
LaTeX2e <2024-06-01> patch level 2
L3 programming layer <2024-07-20>
 ***********
Package rerunfilecheck Info: File `thesis.out' has not changed.
(rerunfilecheck)             Checksum: 168C5AF09A0E493802603DB3FEC1C7AF;4331.
 ) 
Here is how much of TeX's memory you used:
 15931 strings out of 473899
 288703 string characters out of 5726501
 1941960 words of memory out of 5000000
 38335 multiletter control sequences out of 15000+600000
 565183 words of font info for 59 fonts, out of 8000000 for 9000
 1141 hyphenation exceptions out of 8191
 94i,11n,93p,579b,698s stack positions out of 10000i,1000n,20000p,200000b,200000s

pdfTeX warning (dest): name{LRS23target} has been referenced but does not exist, replaced by a fixed one

 <C:\Users\ltvin\AppData\Local\MiKTeX\fonts/pk/ljfour/jknappen/ec/dpi600\tcrm1200.pk><C:/Users/ltvin/AppData/Local/Programs/MiKTeX/fonts/type1/public/amsfonts/cm/cmbx12.pfb><C:/Users/ltvin/AppData/Local/Programs/MiKTeX/fonts/type1/public/amsfonts/cm/cmmi10.pfb><C:/Users/ltvin/AppData/Local/Programs/MiKTeX/fonts/type1/public/amsfonts/cm/cmmi12.pfb><C:/Users/ltvin/AppData/Local/Programs/MiKTeX/fonts/type1/public/amsfonts/cm/cmmi8.pfb><C:/Users/ltvin/AppData/Local/Programs/MiKTeX/fonts/type1/public/amsfonts/cm/cmr10.pfb><C:/Users/ltvin/AppData/Local/Programs/MiKTeX/fonts/type1/public/amsfonts/cm/cmr12.pfb><C:/Users/ltvin/AppData/Local/Programs/MiKTeX/fonts/type1/public/amsfonts/cm/cmr17.pfb><C:/Users/ltvin/AppData/Local/Programs/MiKTeX/fonts/type1/public/amsfonts/cm/cmr8.pfb><C:/Users/ltvin/AppData/Local/Programs/MiKTeX/fonts/type1/public/amsfonts/cm/cmsy10.pfb><C:/Users/ltvin/AppData/Local/Programs/MiKTeX/fonts/type1/public/amsfonts/cm/cmsy8.pfb><C:/Users/ltvin/AppData/Local/Programs/MiKTeX/fonts/type1/public/amsfonts/cm/cmti10.pfb><C:/Users/ltvin/AppData/Local/Programs/MiKTeX/fonts/type1/public/amsfonts/cm/cmti12.pfb>
Output written on thesis.pdf (44 pages, 80740847 bytes).
PDF statistics:
 823 PDF objects out of 1000 (max. 8388607)
 206 named destinations out of 1000 (max. 500000)
 453 words of extra memory for PDF output out of 10000 (max. 10000000)

